{"/Users/clintonmbonu/Documents/CORE DEV/Microverse Devs/MODULE 2/to-do-list/src/components/Completed.js": {"path":"/Users/clintonmbonu/Documents/CORE DEV/Microverse Devs/MODULE 2/to-do-list/src/components/Completed.js","statementMap":{"0":{"start":{"line":5,"column":22},"end":{"line":11,"column":1}},"1":{"start":{"line":6,"column":22},"end":{"line":6,"column":30}},"2":{"start":{"line":7,"column":19},"end":{"line":7,"column":43}},"3":{"start":{"line":8,"column":2},"end":{"line":8,"column":39}},"4":{"start":{"line":9,"column":2},"end":{"line":9,"column":37}},"5":{"start":{"line":10,"column":2},"end":{"line":10,"column":23}},"6":{"start":{"line":13,"column":23},"end":{"line":16,"column":1}},"7":{"start":{"line":14,"column":2},"end":{"line":14,"column":28}},"8":{"start":{"line":15,"column":2},"end":{"line":15,"column":23}}},"fnMap":{"0":{"name":"(anonymous_0)","decl":{"start":{"line":5,"column":22},"end":{"line":5,"column":23}},"loc":{"start":{"line":5,"column":40},"end":{"line":11,"column":1}},"line":5},"1":{"name":"(anonymous_1)","decl":{"start":{"line":13,"column":23},"end":{"line":13,"column":24}},"loc":{"start":{"line":13,"column":29},"end":{"line":16,"column":1}},"line":13}},"branchMap":{},"s":{"0":2,"1":5,"2":5,"3":5,"4":5,"5":5,"6":2,"7":3,"8":3},"f":{"0":5,"1":3},"b":{},"_coverageSchema":"1a1c01bbd47fc00a2c39e90264f33305004495a9","hash":"50b785ea24870c2d746b6ba7c8942d544f074861"}
,"/Users/clintonmbonu/Documents/CORE DEV/Microverse Devs/MODULE 2/to-do-list/src/components/Dragdrop.js": {"path":"/Users/clintonmbonu/Documents/CORE DEV/Microverse Devs/MODULE 2/to-do-list/src/components/Dragdrop.js","statementMap":{"0":{"start":{"line":6,"column":21},"end":{"line":21,"column":1}},"1":{"start":{"line":7,"column":20},"end":{"line":7,"column":28}},"2":{"start":{"line":8,"column":18},"end":{"line":8,"column":24}},"3":{"start":{"line":10,"column":24},"end":{"line":10,"column":55}},"4":{"start":{"line":12,"column":19},"end":{"line":12,"column":43}},"5":{"start":{"line":13,"column":2},"end":{"line":18,"column":3}},"6":{"start":{"line":14,"column":12},"end":{"line":14,"column":41}},"7":{"start":{"line":15,"column":4},"end":{"line":17,"column":5}},"8":{"start":{"line":16,"column":6},"end":{"line":16,"column":31}},"9":{"start":{"line":19,"column":2},"end":{"line":19,"column":64}},"10":{"start":{"line":20,"column":2},"end":{"line":20,"column":41}},"11":{"start":{"line":23,"column":18},"end":{"line":25,"column":1}},"12":{"start":{"line":24,"column":2},"end":{"line":24,"column":66}},"13":{"start":{"line":27,"column":17},"end":{"line":29,"column":1}},"14":{"start":{"line":28,"column":2},"end":{"line":28,"column":25}},"15":{"start":{"line":31,"column":17},"end":{"line":35,"column":1}},"16":{"start":{"line":32,"column":23},"end":{"line":32,"column":55}},"17":{"start":{"line":33,"column":2},"end":{"line":33,"column":38}},"18":{"start":{"line":34,"column":2},"end":{"line":34,"column":45}},"19":{"start":{"line":37,"column":18},"end":{"line":39,"column":1}},"20":{"start":{"line":38,"column":2},"end":{"line":38,"column":35}},"21":{"start":{"line":41,"column":18},"end":{"line":43,"column":1}},"22":{"start":{"line":42,"column":2},"end":{"line":42,"column":38}}},"fnMap":{"0":{"name":"(anonymous_0)","decl":{"start":{"line":6,"column":21},"end":{"line":6,"column":22}},"loc":{"start":{"line":6,"column":35},"end":{"line":21,"column":1}},"line":6},"1":{"name":"(anonymous_1)","decl":{"start":{"line":23,"column":18},"end":{"line":23,"column":19}},"loc":{"start":{"line":23,"column":28},"end":{"line":25,"column":1}},"line":23},"2":{"name":"(anonymous_2)","decl":{"start":{"line":27,"column":17},"end":{"line":27,"column":18}},"loc":{"start":{"line":27,"column":28},"end":{"line":29,"column":1}},"line":27},"3":{"name":"(anonymous_3)","decl":{"start":{"line":31,"column":17},"end":{"line":31,"column":18}},"loc":{"start":{"line":31,"column":27},"end":{"line":35,"column":1}},"line":31},"4":{"name":"(anonymous_4)","decl":{"start":{"line":37,"column":18},"end":{"line":37,"column":19}},"loc":{"start":{"line":37,"column":28},"end":{"line":39,"column":1}},"line":37},"5":{"name":"(anonymous_5)","decl":{"start":{"line":41,"column":18},"end":{"line":41,"column":19}},"loc":{"start":{"line":41,"column":28},"end":{"line":43,"column":1}},"line":41}},"branchMap":{"0":{"loc":{"start":{"line":13,"column":2},"end":{"line":18,"column":3}},"type":"if","locations":[{"start":{"line":13,"column":2},"end":{"line":18,"column":3}},{"start":{},"end":{}}],"line":13}},"s":{"0":5,"1":2,"2":2,"3":2,"4":2,"5":2,"6":0,"7":0,"8":0,"9":2,"10":2,"11":5,"12":0,"13":5,"14":0,"15":5,"16":0,"17":0,"18":0,"19":5,"20":0,"21":5,"22":0},"f":{"0":2,"1":0,"2":0,"3":0,"4":0,"5":0},"b":{"0":[0,2]},"_coverageSchema":"1a1c01bbd47fc00a2c39e90264f33305004495a9","hash":"058e8658df727fce6a7c18699e0f2bbb8588321f"}
,"/Users/clintonmbonu/Documents/CORE DEV/Microverse Devs/MODULE 2/to-do-list/src/components/Methods.js": {"path":"/Users/clintonmbonu/Documents/CORE DEV/Microverse Devs/MODULE 2/to-do-list/src/components/Methods.js","statementMap":{"0":{"start":{"line":7,"column":4},"end":{"line":7,"column":39}},"1":{"start":{"line":8,"column":4},"end":{"line":8,"column":25}},"2":{"start":{"line":9,"column":4},"end":{"line":9,"column":54}},"3":{"start":{"line":12,"column":23},"end":{"line":62,"column":3}},"4":{"start":{"line":16,"column":29},"end":{"line":16,"column":60}},"5":{"start":{"line":17,"column":28},"end":{"line":17,"column":42}},"6":{"start":{"line":18,"column":20},"end":{"line":18,"column":44}},"7":{"start":{"line":19,"column":23},"end":{"line":19,"column":47}},"8":{"start":{"line":20,"column":18},"end":{"line":20,"column":48}},"9":{"start":{"line":22,"column":4},"end":{"line":24,"column":5}},"10":{"start":{"line":23,"column":6},"end":{"line":23,"column":36}},"11":{"start":{"line":26,"column":4},"end":{"line":26,"column":60}},"12":{"start":{"line":28,"column":4},"end":{"line":35,"column":5}},"13":{"start":{"line":29,"column":6},"end":{"line":29,"column":33}},"14":{"start":{"line":30,"column":6},"end":{"line":30,"column":42}},"15":{"start":{"line":32,"column":6},"end":{"line":32,"column":25}},"16":{"start":{"line":33,"column":6},"end":{"line":33,"column":34}},"17":{"start":{"line":34,"column":6},"end":{"line":34,"column":56}},"18":{"start":{"line":37,"column":4},"end":{"line":59,"column":5}},"19":{"start":{"line":38,"column":18},"end":{"line":38,"column":39}},"20":{"start":{"line":39,"column":20},"end":{"line":39,"column":42}},"21":{"start":{"line":41,"column":6},"end":{"line":41,"column":37}},"22":{"start":{"line":42,"column":6},"end":{"line":42,"column":37}},"23":{"start":{"line":43,"column":6},"end":{"line":43,"column":43}},"24":{"start":{"line":44,"column":6},"end":{"line":44,"column":45}},"25":{"start":{"line":45,"column":6},"end":{"line":45,"column":63}},"26":{"start":{"line":48,"column":6},"end":{"line":48,"column":48}},"27":{"start":{"line":49,"column":6},"end":{"line":49,"column":28}},"28":{"start":{"line":50,"column":6},"end":{"line":50,"column":28}},"29":{"start":{"line":51,"column":6},"end":{"line":51,"column":26}},"30":{"start":{"line":53,"column":6},"end":{"line":53,"column":40}},"31":{"start":{"line":54,"column":6},"end":{"line":54,"column":40}},"32":{"start":{"line":55,"column":6},"end":{"line":55,"column":40}},"33":{"start":{"line":56,"column":6},"end":{"line":56,"column":46}},"34":{"start":{"line":57,"column":6},"end":{"line":57,"column":66}},"35":{"start":{"line":58,"column":6},"end":{"line":58,"column":55}},"36":{"start":{"line":60,"column":4},"end":{"line":60,"column":42}},"37":{"start":{"line":61,"column":4},"end":{"line":61,"column":23}},"38":{"start":{"line":64,"column":25},"end":{"line":70,"column":3}},"39":{"start":{"line":65,"column":4},"end":{"line":69,"column":7}},"40":{"start":{"line":66,"column":6},"end":{"line":66,"column":42}},"41":{"start":{"line":67,"column":6},"end":{"line":67,"column":36}},"42":{"start":{"line":68,"column":6},"end":{"line":68,"column":27}},"43":{"start":{"line":72,"column":31},"end":{"line":81,"column":3}},"44":{"start":{"line":73,"column":28},"end":{"line":73,"column":59}},"45":{"start":{"line":74,"column":21},"end":{"line":74,"column":45}},"46":{"start":{"line":75,"column":4},"end":{"line":80,"column":5}},"47":{"start":{"line":76,"column":6},"end":{"line":76,"column":69}},"48":{"start":{"line":77,"column":6},"end":{"line":77,"column":41}},"49":{"start":{"line":79,"column":6},"end":{"line":79,"column":69}},"50":{"start":{"line":84,"column":4},"end":{"line":90,"column":7}},"51":{"start":{"line":85,"column":6},"end":{"line":89,"column":7}},"52":{"start":{"line":86,"column":8},"end":{"line":86,"column":31}},"53":{"start":{"line":87,"column":8},"end":{"line":87,"column":61}},"54":{"start":{"line":88,"column":8},"end":{"line":88,"column":29}}},"fnMap":{"0":{"name":"(anonymous_0)","decl":{"start":{"line":6,"column":2},"end":{"line":6,"column":3}},"loc":{"start":{"line":6,"column":50},"end":{"line":10,"column":3}},"line":6},"1":{"name":"(anonymous_1)","decl":{"start":{"line":12,"column":23},"end":{"line":12,"column":24}},"loc":{"start":{"line":12,"column":50},"end":{"line":62,"column":3}},"line":12},"2":{"name":"(anonymous_2)","decl":{"start":{"line":64,"column":25},"end":{"line":64,"column":26}},"loc":{"start":{"line":64,"column":40},"end":{"line":70,"column":3}},"line":64},"3":{"name":"(anonymous_3)","decl":{"start":{"line":65,"column":40},"end":{"line":65,"column":41}},"loc":{"start":{"line":65,"column":46},"end":{"line":69,"column":5}},"line":65},"4":{"name":"(anonymous_4)","decl":{"start":{"line":72,"column":31},"end":{"line":72,"column":32}},"loc":{"start":{"line":72,"column":60},"end":{"line":81,"column":3}},"line":72},"5":{"name":"(anonymous_5)","decl":{"start":{"line":83,"column":2},"end":{"line":83,"column":3}},"loc":{"start":{"line":83,"column":46},"end":{"line":91,"column":3}},"line":83},"6":{"name":"(anonymous_6)","decl":{"start":{"line":84,"column":52},"end":{"line":84,"column":53}},"loc":{"start":{"line":84,"column":63},"end":{"line":90,"column":5}},"line":84}},"branchMap":{"0":{"loc":{"start":{"line":6,"column":14},"end":{"line":6,"column":32}},"type":"default-arg","locations":[{"start":{"line":6,"column":30},"end":{"line":6,"column":32}}],"line":6},"1":{"loc":{"start":{"line":6,"column":34},"end":{"line":6,"column":48}},"type":"default-arg","locations":[{"start":{"line":6,"column":43},"end":{"line":6,"column":48}}],"line":6},"2":{"loc":{"start":{"line":22,"column":4},"end":{"line":24,"column":5}},"type":"if","locations":[{"start":{"line":22,"column":4},"end":{"line":24,"column":5}},{"start":{},"end":{}}],"line":22},"3":{"loc":{"start":{"line":28,"column":4},"end":{"line":35,"column":5}},"type":"if","locations":[{"start":{"line":28,"column":4},"end":{"line":35,"column":5}},{"start":{"line":31,"column":11},"end":{"line":35,"column":5}}],"line":28},"4":{"loc":{"start":{"line":37,"column":4},"end":{"line":59,"column":5}},"type":"if","locations":[{"start":{"line":37,"column":4},"end":{"line":59,"column":5}},{"start":{"line":52,"column":11},"end":{"line":59,"column":5}}],"line":37},"5":{"loc":{"start":{"line":75,"column":4},"end":{"line":80,"column":5}},"type":"if","locations":[{"start":{"line":75,"column":4},"end":{"line":80,"column":5}},{"start":{"line":78,"column":11},"end":{"line":80,"column":5}}],"line":75},"6":{"loc":{"start":{"line":85,"column":6},"end":{"line":89,"column":7}},"type":"if","locations":[{"start":{"line":85,"column":6},"end":{"line":89,"column":7}},{"start":{},"end":{}}],"line":85}},"s":{"0":0,"1":0,"2":0,"3":0,"4":0,"5":0,"6":0,"7":0,"8":0,"9":0,"10":0,"11":0,"12":0,"13":0,"14":0,"15":0,"16":0,"17":0,"18":0,"19":0,"20":0,"21":0,"22":0,"23":0,"24":0,"25":0,"26":0,"27":0,"28":0,"29":0,"30":0,"31":0,"32":0,"33":0,"34":0,"35":0,"36":0,"37":0,"38":0,"39":0,"40":0,"41":0,"42":0,"43":1,"44":2,"45":2,"46":2,"47":2,"48":2,"49":0,"50":0,"51":0,"52":0,"53":0,"54":0},"f":{"0":0,"1":0,"2":0,"3":0,"4":2,"5":0,"6":0},"b":{"0":[0],"1":[0],"2":[0,0],"3":[0,0],"4":[0,0],"5":[2,0],"6":[0,0]},"_coverageSchema":"1a1c01bbd47fc00a2c39e90264f33305004495a9","hash":"bc83b7e12c2a2513dceb2a64c5e5266e60b6fac0"}
,"/Users/clintonmbonu/Documents/CORE DEV/Microverse Devs/MODULE 2/to-do-list/src/components/Storage.js": {"path":"/Users/clintonmbonu/Documents/CORE DEV/Microverse Devs/MODULE 2/to-do-list/src/components/Storage.js","statementMap":{"0":{"start":{"line":2,"column":21},"end":{"line":4,"column":3}},"1":{"start":{"line":3,"column":4},"end":{"line":3,"column":63}},"2":{"start":{"line":6,"column":19},"end":{"line":6,"column":111}},"3":{"start":{"line":6,"column":26},"end":{"line":6,"column":110}}},"fnMap":{"0":{"name":"(anonymous_0)","decl":{"start":{"line":2,"column":21},"end":{"line":2,"column":22}},"loc":{"start":{"line":2,"column":35},"end":{"line":4,"column":3}},"line":2},"1":{"name":"(anonymous_1)","decl":{"start":{"line":6,"column":19},"end":{"line":6,"column":20}},"loc":{"start":{"line":6,"column":26},"end":{"line":6,"column":110}},"line":6}},"branchMap":{"0":{"loc":{"start":{"line":6,"column":26},"end":{"line":6,"column":110}},"type":"cond-expr","locations":[{"start":{"line":6,"column":61},"end":{"line":6,"column":105}},{"start":{"line":6,"column":108},"end":{"line":6,"column":110}}],"line":6}},"s":{"0":5,"1":36,"2":5,"3":68},"f":{"0":36,"1":68},"b":{"0":[63,5]},"_coverageSchema":"1a1c01bbd47fc00a2c39e90264f33305004495a9","hash":"64422e939bb5a8a2028753345a8545da00757eb1"}
,"/Users/clintonmbonu/Documents/CORE DEV/Microverse Devs/MODULE 2/to-do-list/src/components/Todolist.js": {"path":"/Users/clintonmbonu/Documents/CORE DEV/Microverse Devs/MODULE 2/to-do-list/src/components/Todolist.js","statementMap":{"0":{"start":{"line":4,"column":15},"end":{"line":13,"column":3}},"1":{"start":{"line":5,"column":21},"end":{"line":5,"column":45}},"2":{"start":{"line":6,"column":18},"end":{"line":6,"column":37}},"3":{"start":{"line":7,"column":4},"end":{"line":11,"column":7}},"4":{"start":{"line":12,"column":4},"end":{"line":12,"column":39}},"5":{"start":{"line":15,"column":18},"end":{"line":25,"column":3}},"6":{"start":{"line":16,"column":19},"end":{"line":16,"column":43}},"7":{"start":{"line":17,"column":4},"end":{"line":23,"column":5}},"8":{"start":{"line":18,"column":6},"end":{"line":20,"column":9}},"9":{"start":{"line":19,"column":8},"end":{"line":19,"column":75}},"10":{"start":{"line":19,"column":45},"end":{"line":19,"column":73}},"11":{"start":{"line":22,"column":6},"end":{"line":22,"column":68}},"12":{"start":{"line":22,"column":43},"end":{"line":22,"column":66}},"13":{"start":{"line":24,"column":4},"end":{"line":24,"column":43}},"14":{"start":{"line":27,"column":31},"end":{"line":32,"column":3}},"15":{"start":{"line":28,"column":4},"end":{"line":30,"column":7}},"16":{"start":{"line":29,"column":6},"end":{"line":29,"column":29}},"17":{"start":{"line":31,"column":4},"end":{"line":31,"column":39}}},"fnMap":{"0":{"name":"(anonymous_0)","decl":{"start":{"line":4,"column":15},"end":{"line":4,"column":16}},"loc":{"start":{"line":4,"column":51},"end":{"line":13,"column":3}},"line":4},"1":{"name":"(anonymous_1)","decl":{"start":{"line":15,"column":18},"end":{"line":15,"column":19}},"loc":{"start":{"line":15,"column":52},"end":{"line":25,"column":3}},"line":15},"2":{"name":"(anonymous_2)","decl":{"start":{"line":18,"column":28},"end":{"line":18,"column":29}},"loc":{"start":{"line":18,"column":39},"end":{"line":20,"column":7}},"line":18},"3":{"name":"(anonymous_3)","decl":{"start":{"line":19,"column":35},"end":{"line":19,"column":36}},"loc":{"start":{"line":19,"column":45},"end":{"line":19,"column":73}},"line":19},"4":{"name":"(anonymous_4)","decl":{"start":{"line":22,"column":33},"end":{"line":22,"column":34}},"loc":{"start":{"line":22,"column":43},"end":{"line":22,"column":66}},"line":22},"5":{"name":"(anonymous_5)","decl":{"start":{"line":27,"column":31},"end":{"line":27,"column":32}},"loc":{"start":{"line":27,"column":45},"end":{"line":32,"column":3}},"line":27},"6":{"name":"(anonymous_6)","decl":{"start":{"line":28,"column":21},"end":{"line":28,"column":22}},"loc":{"start":{"line":28,"column":38},"end":{"line":30,"column":5}},"line":28}},"branchMap":{"0":{"loc":{"start":{"line":4,"column":29},"end":{"line":4,"column":46}},"type":"default-arg","locations":[{"start":{"line":4,"column":41},"end":{"line":4,"column":46}}],"line":4},"1":{"loc":{"start":{"line":15,"column":34},"end":{"line":15,"column":47}},"type":"default-arg","locations":[{"start":{"line":15,"column":42},"end":{"line":15,"column":47}}],"line":15},"2":{"loc":{"start":{"line":17,"column":4},"end":{"line":23,"column":5}},"type":"if","locations":[{"start":{"line":17,"column":4},"end":{"line":23,"column":5}},{"start":{"line":21,"column":11},"end":{"line":23,"column":5}}],"line":17}},"s":{"0":5,"1":21,"2":21,"3":21,"4":21,"5":5,"6":6,"7":6,"8":3,"9":3,"10":12,"11":3,"12":8,"13":6,"14":5,"15":8,"16":25,"17":8},"f":{"0":21,"1":6,"2":3,"3":12,"4":8,"5":8,"6":25},"b":{"0":[18],"1":[3],"2":[3,3]},"_coverageSchema":"1a1c01bbd47fc00a2c39e90264f33305004495a9","hash":"8474366310337eab77d286764c55e12fc2467c95"}
,"/Users/clintonmbonu/Documents/CORE DEV/Microverse Devs/MODULE 2/to-do-list/src/components/UpdateUI.js": {"path":"/Users/clintonmbonu/Documents/CORE DEV/Microverse Devs/MODULE 2/to-do-list/src/components/UpdateUI.js","statementMap":{"0":{"start":{"line":12,"column":29},"end":{"line":34,"column":3}},"1":{"start":{"line":13,"column":15},"end":{"line":13,"column":43}},"2":{"start":{"line":14,"column":4},"end":{"line":14,"column":29}},"3":{"start":{"line":15,"column":4},"end":{"line":15,"column":24}},"4":{"start":{"line":16,"column":4},"end":{"line":16,"column":46}},"5":{"start":{"line":17,"column":4},"end":{"line":17,"column":33}},"6":{"start":{"line":18,"column":4},"end":{"line":31,"column":5}},"7":{"start":{"line":19,"column":6},"end":{"line":23,"column":8}},"8":{"start":{"line":24,"column":6},"end":{"line":24,"column":60}},"9":{"start":{"line":24,"column":45},"end":{"line":24,"column":58}},"10":{"start":{"line":25,"column":6},"end":{"line":25,"column":48}},"11":{"start":{"line":26,"column":6},"end":{"line":26,"column":80}},"12":{"start":{"line":26,"column":42},"end":{"line":26,"column":55}},"13":{"start":{"line":26,"column":56},"end":{"line":26,"column":76}},"14":{"start":{"line":27,"column":6},"end":{"line":27,"column":60}},"15":{"start":{"line":27,"column":45},"end":{"line":27,"column":58}},"16":{"start":{"line":28,"column":6},"end":{"line":28,"column":60}},"17":{"start":{"line":28,"column":45},"end":{"line":28,"column":58}},"18":{"start":{"line":30,"column":6},"end":{"line":30,"column":71}},"19":{"start":{"line":33,"column":4},"end":{"line":33,"column":14}},"20":{"start":{"line":36,"column":21},"end":{"line":50,"column":3}},"21":{"start":{"line":37,"column":26},"end":{"line":37,"column":57}},"22":{"start":{"line":38,"column":4},"end":{"line":38,"column":45}},"23":{"start":{"line":39,"column":4},"end":{"line":41,"column":5}},"24":{"start":{"line":40,"column":6},"end":{"line":40,"column":58}},"25":{"start":{"line":43,"column":4},"end":{"line":49,"column":5}},"26":{"start":{"line":44,"column":6},"end":{"line":46,"column":9}},"27":{"start":{"line":45,"column":8},"end":{"line":45,"column":68}},"28":{"start":{"line":48,"column":6},"end":{"line":48,"column":70}},"29":{"start":{"line":53,"column":18},"end":{"line":53,"column":27}},"30":{"start":{"line":54,"column":24},"end":{"line":54,"column":35}},"31":{"start":{"line":55,"column":4},"end":{"line":58,"column":5}},"32":{"start":{"line":56,"column":6},"end":{"line":56,"column":19}},"33":{"start":{"line":57,"column":6},"end":{"line":57,"column":25}},"34":{"start":{"line":59,"column":4},"end":{"line":61,"column":164}}},"fnMap":{"0":{"name":"(anonymous_0)","decl":{"start":{"line":12,"column":29},"end":{"line":12,"column":30}},"loc":{"start":{"line":12,"column":54},"end":{"line":34,"column":3}},"line":12},"1":{"name":"(anonymous_1)","decl":{"start":{"line":24,"column":39},"end":{"line":24,"column":40}},"loc":{"start":{"line":24,"column":45},"end":{"line":24,"column":58}},"line":24},"2":{"name":"(anonymous_2)","decl":{"start":{"line":26,"column":34},"end":{"line":26,"column":35}},"loc":{"start":{"line":26,"column":40},"end":{"line":26,"column":78}},"line":26},"3":{"name":"(anonymous_3)","decl":{"start":{"line":27,"column":39},"end":{"line":27,"column":40}},"loc":{"start":{"line":27,"column":45},"end":{"line":27,"column":58}},"line":27},"4":{"name":"(anonymous_4)","decl":{"start":{"line":28,"column":39},"end":{"line":28,"column":40}},"loc":{"start":{"line":28,"column":45},"end":{"line":28,"column":58}},"line":28},"5":{"name":"(anonymous_5)","decl":{"start":{"line":36,"column":21},"end":{"line":36,"column":22}},"loc":{"start":{"line":36,"column":27},"end":{"line":50,"column":3}},"line":36},"6":{"name":"(anonymous_6)","decl":{"start":{"line":44,"column":28},"end":{"line":44,"column":29}},"loc":{"start":{"line":44,"column":38},"end":{"line":46,"column":7}},"line":44},"7":{"name":"(anonymous_7)","decl":{"start":{"line":52,"column":2},"end":{"line":52,"column":3}},"loc":{"start":{"line":52,"column":54},"end":{"line":62,"column":3}},"line":52}},"branchMap":{"0":{"loc":{"start":{"line":12,"column":36},"end":{"line":12,"column":49}},"type":"default-arg","locations":[{"start":{"line":12,"column":44},"end":{"line":12,"column":49}}],"line":12},"1":{"loc":{"start":{"line":18,"column":4},"end":{"line":31,"column":5}},"type":"if","locations":[{"start":{"line":18,"column":4},"end":{"line":31,"column":5}},{"start":{"line":29,"column":11},"end":{"line":31,"column":5}}],"line":18},"2":{"loc":{"start":{"line":43,"column":4},"end":{"line":49,"column":5}},"type":"if","locations":[{"start":{"line":43,"column":4},"end":{"line":49,"column":5}},{"start":{"line":47,"column":11},"end":{"line":49,"column":5}}],"line":43},"3":{"loc":{"start":{"line":55,"column":4},"end":{"line":58,"column":5}},"type":"if","locations":[{"start":{"line":55,"column":4},"end":{"line":58,"column":5}},{"start":{},"end":{}}],"line":55}},"s":{"0":5,"1":30,"2":30,"3":30,"4":30,"5":30,"6":30,"7":29,"8":29,"9":0,"10":29,"11":29,"12":0,"13":0,"14":29,"15":0,"16":29,"17":0,"18":1,"19":30,"20":5,"21":14,"22":14,"23":14,"24":20,"25":14,"26":13,"27":29,"28":1,"29":29,"30":29,"31":29,"32":20,"33":20,"34":29},"f":{"0":30,"1":0,"2":0,"3":0,"4":0,"5":14,"6":29,"7":29},"b":{"0":[29],"1":[29,1],"2":[13,1],"3":[20,9]},"_coverageSchema":"1a1c01bbd47fc00a2c39e90264f33305004495a9","hash":"df2cfe0cf8b470255f5b03cdfc9822ec6f6c5484"}
,"/Users/clintonmbonu/Documents/CORE DEV/Microverse Devs/MODULE 2/to-do-list/src/components/_tests_/DomSample.js": {"path":"/Users/clintonmbonu/Documents/CORE DEV/Microverse Devs/MODULE 2/to-do-list/src/components/_tests_/DomSample.js","statementMap":{"0":{"start":{"line":1,"column":18},"end":{"line":6,"column":10}},"1":{"start":{"line":1,"column":24},"end":{"line":6,"column":10}}},"fnMap":{"0":{"name":"(anonymous_0)","decl":{"start":{"line":1,"column":18},"end":{"line":1,"column":19}},"loc":{"start":{"line":1,"column":24},"end":{"line":6,"column":10}},"line":1}},"branchMap":{},"s":{"0":4,"1":6},"f":{"0":6},"b":{},"_coverageSchema":"1a1c01bbd47fc00a2c39e90264f33305004495a9","hash":"1047010d7b121ef5597cd10a15d79dbf60605547"}
}
