{"/Users/clintonmbonu/Documents/CORE DEV/Microverse Devs/MODULE 2/to-do-list/src/components/Completed.js": {"path":"/Users/clintonmbonu/Documents/CORE DEV/Microverse Devs/MODULE 2/to-do-list/src/components/Completed.js","statementMap":{"0":{"start":{"line":5,"column":22},"end":{"line":11,"column":1}},"1":{"start":{"line":6,"column":22},"end":{"line":6,"column":30}},"2":{"start":{"line":7,"column":19},"end":{"line":7,"column":43}},"3":{"start":{"line":8,"column":2},"end":{"line":8,"column":39}},"4":{"start":{"line":9,"column":2},"end":{"line":9,"column":37}},"5":{"start":{"line":10,"column":2},"end":{"line":10,"column":43}},"6":{"start":{"line":13,"column":23},"end":{"line":16,"column":1}},"7":{"start":{"line":14,"column":2},"end":{"line":14,"column":28}},"8":{"start":{"line":15,"column":2},"end":{"line":15,"column":43}}},"fnMap":{"0":{"name":"(anonymous_0)","decl":{"start":{"line":5,"column":22},"end":{"line":5,"column":23}},"loc":{"start":{"line":5,"column":55},"end":{"line":11,"column":1}},"line":5},"1":{"name":"(anonymous_1)","decl":{"start":{"line":13,"column":23},"end":{"line":13,"column":24}},"loc":{"start":{"line":13,"column":42},"end":{"line":16,"column":1}},"line":13}},"branchMap":{},"s":{"0":2,"1":5,"2":5,"3":5,"4":5,"5":5,"6":2,"7":3,"8":3},"f":{"0":5,"1":3},"b":{},"_coverageSchema":"1a1c01bbd47fc00a2c39e90264f33305004495a9","hash":"62e49dfeac997e85f766de2f76f82657801d77e8"}
,"/Users/clintonmbonu/Documents/CORE DEV/Microverse Devs/MODULE 2/to-do-list/src/components/Dragdrop.js": {"path":"/Users/clintonmbonu/Documents/CORE DEV/Microverse Devs/MODULE 2/to-do-list/src/components/Dragdrop.js","statementMap":{"0":{"start":{"line":5,"column":18},"end":{"line":38,"column":1}},"1":{"start":{"line":6,"column":20},"end":{"line":6,"column":28}},"2":{"start":{"line":7,"column":18},"end":{"line":7,"column":24}},"3":{"start":{"line":9,"column":24},"end":{"line":9,"column":55}},"4":{"start":{"line":11,"column":19},"end":{"line":11,"column":43}},"5":{"start":{"line":12,"column":18},"end":{"line":12,"column":37}},"6":{"start":{"line":13,"column":18},"end":{"line":13,"column":35}},"7":{"start":{"line":15,"column":17},"end":{"line":15,"column":60}},"8":{"start":{"line":16,"column":15},"end":{"line":16,"column":56}},"9":{"start":{"line":18,"column":2},"end":{"line":18,"column":32}},"10":{"start":{"line":19,"column":2},"end":{"line":19,"column":35}},"11":{"start":{"line":20,"column":2},"end":{"line":20,"column":30}},"12":{"start":{"line":21,"column":2},"end":{"line":21,"column":31}},"13":{"start":{"line":23,"column":2},"end":{"line":23,"column":53}},"14":{"start":{"line":24,"column":2},"end":{"line":24,"column":46}},"15":{"start":{"line":25,"column":2},"end":{"line":25,"column":69}},"16":{"start":{"line":26,"column":2},"end":{"line":26,"column":58}},"17":{"start":{"line":27,"column":2},"end":{"line":27,"column":68}},"18":{"start":{"line":28,"column":2},"end":{"line":28,"column":81}},"19":{"start":{"line":30,"column":2},"end":{"line":30,"column":53}},"20":{"start":{"line":31,"column":2},"end":{"line":31,"column":42}},"21":{"start":{"line":32,"column":2},"end":{"line":32,"column":65}},"22":{"start":{"line":33,"column":2},"end":{"line":33,"column":54}},"23":{"start":{"line":34,"column":2},"end":{"line":34,"column":64}},"24":{"start":{"line":35,"column":2},"end":{"line":35,"column":77}},"25":{"start":{"line":37,"column":2},"end":{"line":37,"column":37}},"26":{"start":{"line":40,"column":18},"end":{"line":42,"column":1}},"27":{"start":{"line":41,"column":2},"end":{"line":41,"column":66}},"28":{"start":{"line":44,"column":17},"end":{"line":46,"column":1}},"29":{"start":{"line":45,"column":2},"end":{"line":45,"column":25}},"30":{"start":{"line":48,"column":17},"end":{"line":52,"column":1}},"31":{"start":{"line":49,"column":23},"end":{"line":49,"column":55}},"32":{"start":{"line":50,"column":2},"end":{"line":50,"column":38}},"33":{"start":{"line":51,"column":2},"end":{"line":51,"column":42}},"34":{"start":{"line":54,"column":18},"end":{"line":56,"column":1}},"35":{"start":{"line":55,"column":2},"end":{"line":55,"column":35}},"36":{"start":{"line":58,"column":18},"end":{"line":60,"column":1}},"37":{"start":{"line":59,"column":2},"end":{"line":59,"column":38}},"38":{"start":{"line":62,"column":21},"end":{"line":68,"column":1}},"39":{"start":{"line":63,"column":2},"end":{"line":63,"column":60}},"40":{"start":{"line":63,"column":43},"end":{"line":63,"column":58}},"41":{"start":{"line":64,"column":2},"end":{"line":64,"column":46}},"42":{"start":{"line":65,"column":2},"end":{"line":65,"column":54}},"43":{"start":{"line":65,"column":38},"end":{"line":65,"column":52}},"44":{"start":{"line":66,"column":2},"end":{"line":66,"column":60}},"45":{"start":{"line":66,"column":43},"end":{"line":66,"column":58}},"46":{"start":{"line":67,"column":2},"end":{"line":67,"column":60}},"47":{"start":{"line":67,"column":43},"end":{"line":67,"column":58}}},"fnMap":{"0":{"name":"(anonymous_0)","decl":{"start":{"line":5,"column":18},"end":{"line":5,"column":19}},"loc":{"start":{"line":5,"column":32},"end":{"line":38,"column":1}},"line":5},"1":{"name":"(anonymous_1)","decl":{"start":{"line":40,"column":18},"end":{"line":40,"column":19}},"loc":{"start":{"line":40,"column":28},"end":{"line":42,"column":1}},"line":40},"2":{"name":"(anonymous_2)","decl":{"start":{"line":44,"column":17},"end":{"line":44,"column":18}},"loc":{"start":{"line":44,"column":28},"end":{"line":46,"column":1}},"line":44},"3":{"name":"(anonymous_3)","decl":{"start":{"line":48,"column":17},"end":{"line":48,"column":18}},"loc":{"start":{"line":48,"column":27},"end":{"line":52,"column":1}},"line":48},"4":{"name":"(anonymous_4)","decl":{"start":{"line":54,"column":18},"end":{"line":54,"column":19}},"loc":{"start":{"line":54,"column":28},"end":{"line":56,"column":1}},"line":54},"5":{"name":"(anonymous_5)","decl":{"start":{"line":58,"column":18},"end":{"line":58,"column":19}},"loc":{"start":{"line":58,"column":28},"end":{"line":60,"column":1}},"line":58},"6":{"name":"(anonymous_6)","decl":{"start":{"line":62,"column":21},"end":{"line":62,"column":22}},"loc":{"start":{"line":62,"column":31},"end":{"line":68,"column":1}},"line":62},"7":{"name":"(anonymous_7)","decl":{"start":{"line":63,"column":37},"end":{"line":63,"column":38}},"loc":{"start":{"line":63,"column":43},"end":{"line":63,"column":58}},"line":63},"8":{"name":"(anonymous_8)","decl":{"start":{"line":65,"column":32},"end":{"line":65,"column":33}},"loc":{"start":{"line":65,"column":38},"end":{"line":65,"column":52}},"line":65},"9":{"name":"(anonymous_9)","decl":{"start":{"line":66,"column":37},"end":{"line":66,"column":38}},"loc":{"start":{"line":66,"column":43},"end":{"line":66,"column":58}},"line":66},"10":{"name":"(anonymous_10)","decl":{"start":{"line":67,"column":37},"end":{"line":67,"column":38}},"loc":{"start":{"line":67,"column":43},"end":{"line":67,"column":58}},"line":67}},"branchMap":{},"s":{"0":5,"1":2,"2":2,"3":2,"4":2,"5":2,"6":2,"7":2,"8":2,"9":2,"10":2,"11":2,"12":2,"13":2,"14":2,"15":2,"16":2,"17":2,"18":2,"19":2,"20":2,"21":2,"22":2,"23":2,"24":2,"25":2,"26":5,"27":0,"28":5,"29":0,"30":5,"31":0,"32":0,"33":0,"34":5,"35":0,"36":5,"37":0,"38":5,"39":29,"40":0,"41":29,"42":29,"43":0,"44":29,"45":0,"46":29,"47":0},"f":{"0":2,"1":0,"2":0,"3":0,"4":0,"5":0,"6":29,"7":0,"8":0,"9":0,"10":0},"b":{},"_coverageSchema":"1a1c01bbd47fc00a2c39e90264f33305004495a9","hash":"9eb32d40e2dfb13b7099cf5bcb2c75078984fb6e"}
,"/Users/clintonmbonu/Documents/CORE DEV/Microverse Devs/MODULE 2/to-do-list/src/components/Methods.js": {"path":"/Users/clintonmbonu/Documents/CORE DEV/Microverse Devs/MODULE 2/to-do-list/src/components/Methods.js","statementMap":{"0":{"start":{"line":7,"column":4},"end":{"line":7,"column":39}},"1":{"start":{"line":8,"column":4},"end":{"line":8,"column":25}},"2":{"start":{"line":9,"column":4},"end":{"line":9,"column":54}},"3":{"start":{"line":12,"column":23},"end":{"line":63,"column":3}},"4":{"start":{"line":16,"column":29},"end":{"line":16,"column":60}},"5":{"start":{"line":17,"column":28},"end":{"line":17,"column":42}},"6":{"start":{"line":18,"column":20},"end":{"line":18,"column":44}},"7":{"start":{"line":19,"column":23},"end":{"line":19,"column":47}},"8":{"start":{"line":20,"column":18},"end":{"line":20,"column":48}},"9":{"start":{"line":22,"column":4},"end":{"line":24,"column":5}},"10":{"start":{"line":23,"column":6},"end":{"line":23,"column":36}},"11":{"start":{"line":26,"column":4},"end":{"line":26,"column":60}},"12":{"start":{"line":28,"column":4},"end":{"line":35,"column":5}},"13":{"start":{"line":29,"column":6},"end":{"line":29,"column":33}},"14":{"start":{"line":30,"column":6},"end":{"line":30,"column":42}},"15":{"start":{"line":32,"column":6},"end":{"line":32,"column":25}},"16":{"start":{"line":33,"column":6},"end":{"line":33,"column":34}},"17":{"start":{"line":34,"column":6},"end":{"line":34,"column":56}},"18":{"start":{"line":37,"column":4},"end":{"line":60,"column":5}},"19":{"start":{"line":38,"column":18},"end":{"line":38,"column":39}},"20":{"start":{"line":39,"column":20},"end":{"line":39,"column":42}},"21":{"start":{"line":41,"column":6},"end":{"line":41,"column":37}},"22":{"start":{"line":42,"column":6},"end":{"line":42,"column":37}},"23":{"start":{"line":43,"column":6},"end":{"line":43,"column":43}},"24":{"start":{"line":44,"column":6},"end":{"line":44,"column":45}},"25":{"start":{"line":45,"column":6},"end":{"line":45,"column":63}},"26":{"start":{"line":48,"column":6},"end":{"line":48,"column":48}},"27":{"start":{"line":49,"column":6},"end":{"line":49,"column":28}},"28":{"start":{"line":50,"column":6},"end":{"line":50,"column":28}},"29":{"start":{"line":51,"column":6},"end":{"line":51,"column":26}},"30":{"start":{"line":54,"column":6},"end":{"line":54,"column":40}},"31":{"start":{"line":55,"column":6},"end":{"line":55,"column":40}},"32":{"start":{"line":56,"column":6},"end":{"line":56,"column":40}},"33":{"start":{"line":57,"column":6},"end":{"line":57,"column":46}},"34":{"start":{"line":58,"column":6},"end":{"line":58,"column":66}},"35":{"start":{"line":59,"column":6},"end":{"line":59,"column":55}},"36":{"start":{"line":61,"column":4},"end":{"line":61,"column":57}},"37":{"start":{"line":62,"column":4},"end":{"line":62,"column":23}},"38":{"start":{"line":65,"column":25},"end":{"line":71,"column":3}},"39":{"start":{"line":66,"column":4},"end":{"line":70,"column":7}},"40":{"start":{"line":67,"column":6},"end":{"line":67,"column":42}},"41":{"start":{"line":68,"column":6},"end":{"line":68,"column":36}},"42":{"start":{"line":69,"column":6},"end":{"line":69,"column":47}},"43":{"start":{"line":73,"column":31},"end":{"line":82,"column":3}},"44":{"start":{"line":74,"column":28},"end":{"line":74,"column":59}},"45":{"start":{"line":75,"column":21},"end":{"line":75,"column":45}},"46":{"start":{"line":76,"column":4},"end":{"line":81,"column":5}},"47":{"start":{"line":77,"column":6},"end":{"line":77,"column":69}},"48":{"start":{"line":78,"column":6},"end":{"line":78,"column":41}},"49":{"start":{"line":80,"column":6},"end":{"line":80,"column":69}},"50":{"start":{"line":84,"column":29},"end":{"line":87,"column":3}},"51":{"start":{"line":85,"column":22},"end":{"line":85,"column":75}},"52":{"start":{"line":86,"column":4},"end":{"line":86,"column":26}},"53":{"start":{"line":90,"column":4},"end":{"line":96,"column":7}},"54":{"start":{"line":91,"column":6},"end":{"line":95,"column":7}},"55":{"start":{"line":92,"column":8},"end":{"line":92,"column":31}},"56":{"start":{"line":93,"column":8},"end":{"line":93,"column":61}},"57":{"start":{"line":94,"column":8},"end":{"line":94,"column":49}}},"fnMap":{"0":{"name":"(anonymous_0)","decl":{"start":{"line":6,"column":2},"end":{"line":6,"column":3}},"loc":{"start":{"line":6,"column":50},"end":{"line":10,"column":3}},"line":6},"1":{"name":"(anonymous_1)","decl":{"start":{"line":12,"column":23},"end":{"line":12,"column":24}},"loc":{"start":{"line":12,"column":50},"end":{"line":63,"column":3}},"line":12},"2":{"name":"(anonymous_2)","decl":{"start":{"line":65,"column":25},"end":{"line":65,"column":26}},"loc":{"start":{"line":65,"column":55},"end":{"line":71,"column":3}},"line":65},"3":{"name":"(anonymous_3)","decl":{"start":{"line":66,"column":40},"end":{"line":66,"column":41}},"loc":{"start":{"line":66,"column":46},"end":{"line":70,"column":5}},"line":66},"4":{"name":"(anonymous_4)","decl":{"start":{"line":73,"column":31},"end":{"line":73,"column":32}},"loc":{"start":{"line":73,"column":60},"end":{"line":82,"column":3}},"line":73},"5":{"name":"(anonymous_5)","decl":{"start":{"line":84,"column":29},"end":{"line":84,"column":30}},"loc":{"start":{"line":84,"column":48},"end":{"line":87,"column":3}},"line":84},"6":{"name":"(anonymous_6)","decl":{"start":{"line":89,"column":2},"end":{"line":89,"column":3}},"loc":{"start":{"line":89,"column":61},"end":{"line":97,"column":3}},"line":89},"7":{"name":"(anonymous_7)","decl":{"start":{"line":90,"column":52},"end":{"line":90,"column":53}},"loc":{"start":{"line":90,"column":63},"end":{"line":96,"column":5}},"line":90}},"branchMap":{"0":{"loc":{"start":{"line":6,"column":14},"end":{"line":6,"column":32}},"type":"default-arg","locations":[{"start":{"line":6,"column":30},"end":{"line":6,"column":32}}],"line":6},"1":{"loc":{"start":{"line":6,"column":34},"end":{"line":6,"column":48}},"type":"default-arg","locations":[{"start":{"line":6,"column":43},"end":{"line":6,"column":48}}],"line":6},"2":{"loc":{"start":{"line":22,"column":4},"end":{"line":24,"column":5}},"type":"if","locations":[{"start":{"line":22,"column":4},"end":{"line":24,"column":5}},{"start":{},"end":{}}],"line":22},"3":{"loc":{"start":{"line":28,"column":4},"end":{"line":35,"column":5}},"type":"if","locations":[{"start":{"line":28,"column":4},"end":{"line":35,"column":5}},{"start":{"line":31,"column":11},"end":{"line":35,"column":5}}],"line":28},"4":{"loc":{"start":{"line":37,"column":4},"end":{"line":60,"column":5}},"type":"if","locations":[{"start":{"line":37,"column":4},"end":{"line":60,"column":5}},{"start":{"line":53,"column":11},"end":{"line":60,"column":5}}],"line":37},"5":{"loc":{"start":{"line":76,"column":4},"end":{"line":81,"column":5}},"type":"if","locations":[{"start":{"line":76,"column":4},"end":{"line":81,"column":5}},{"start":{"line":79,"column":11},"end":{"line":81,"column":5}}],"line":76},"6":{"loc":{"start":{"line":91,"column":6},"end":{"line":95,"column":7}},"type":"if","locations":[{"start":{"line":91,"column":6},"end":{"line":95,"column":7}},{"start":{},"end":{}}],"line":91}},"s":{"0":0,"1":0,"2":0,"3":0,"4":0,"5":0,"6":0,"7":0,"8":0,"9":0,"10":0,"11":0,"12":0,"13":0,"14":0,"15":0,"16":0,"17":0,"18":0,"19":0,"20":0,"21":0,"22":0,"23":0,"24":0,"25":0,"26":0,"27":0,"28":0,"29":0,"30":0,"31":0,"32":0,"33":0,"34":0,"35":0,"36":0,"37":0,"38":0,"39":0,"40":0,"41":0,"42":0,"43":3,"44":2,"45":2,"46":2,"47":2,"48":2,"49":0,"50":3,"51":8,"52":8,"53":0,"54":0,"55":0,"56":0,"57":0},"f":{"0":0,"1":0,"2":0,"3":0,"4":2,"5":8,"6":0,"7":0},"b":{"0":[0],"1":[0],"2":[0,0],"3":[0,0],"4":[0,0],"5":[2,0],"6":[0,0]},"_coverageSchema":"1a1c01bbd47fc00a2c39e90264f33305004495a9","hash":"f52d0c261b9c9808a86cbd19437defa9122a9627"}
,"/Users/clintonmbonu/Documents/CORE DEV/Microverse Devs/MODULE 2/to-do-list/src/components/Storage.js": {"path":"/Users/clintonmbonu/Documents/CORE DEV/Microverse Devs/MODULE 2/to-do-list/src/components/Storage.js","statementMap":{"0":{"start":{"line":2,"column":21},"end":{"line":4,"column":3}},"1":{"start":{"line":3,"column":4},"end":{"line":3,"column":63}},"2":{"start":{"line":6,"column":19},"end":{"line":6,"column":111}},"3":{"start":{"line":6,"column":26},"end":{"line":6,"column":110}}},"fnMap":{"0":{"name":"(anonymous_0)","decl":{"start":{"line":2,"column":21},"end":{"line":2,"column":22}},"loc":{"start":{"line":2,"column":35},"end":{"line":4,"column":3}},"line":2},"1":{"name":"(anonymous_1)","decl":{"start":{"line":6,"column":19},"end":{"line":6,"column":20}},"loc":{"start":{"line":6,"column":26},"end":{"line":6,"column":110}},"line":6}},"branchMap":{"0":{"loc":{"start":{"line":6,"column":26},"end":{"line":6,"column":110}},"type":"cond-expr","locations":[{"start":{"line":6,"column":61},"end":{"line":6,"column":105}},{"start":{"line":6,"column":108},"end":{"line":6,"column":110}}],"line":6}},"s":{"0":5,"1":36,"2":5,"3":76},"f":{"0":36,"1":76},"b":{"0":[71,5]},"_coverageSchema":"1a1c01bbd47fc00a2c39e90264f33305004495a9","hash":"64422e939bb5a8a2028753345a8545da00757eb1"}
,"/Users/clintonmbonu/Documents/CORE DEV/Microverse Devs/MODULE 2/to-do-list/src/components/Todolist.js": {"path":"/Users/clintonmbonu/Documents/CORE DEV/Microverse Devs/MODULE 2/to-do-list/src/components/Todolist.js","statementMap":{"0":{"start":{"line":4,"column":15},"end":{"line":13,"column":3}},"1":{"start":{"line":5,"column":21},"end":{"line":5,"column":45}},"2":{"start":{"line":6,"column":18},"end":{"line":6,"column":37}},"3":{"start":{"line":7,"column":4},"end":{"line":11,"column":7}},"4":{"start":{"line":12,"column":4},"end":{"line":12,"column":39}},"5":{"start":{"line":15,"column":18},"end":{"line":26,"column":3}},"6":{"start":{"line":16,"column":19},"end":{"line":16,"column":43}},"7":{"start":{"line":17,"column":4},"end":{"line":23,"column":5}},"8":{"start":{"line":18,"column":6},"end":{"line":20,"column":9}},"9":{"start":{"line":19,"column":8},"end":{"line":19,"column":75}},"10":{"start":{"line":19,"column":45},"end":{"line":19,"column":73}},"11":{"start":{"line":22,"column":6},"end":{"line":22,"column":68}},"12":{"start":{"line":22,"column":43},"end":{"line":22,"column":66}},"13":{"start":{"line":25,"column":4},"end":{"line":25,"column":43}},"14":{"start":{"line":28,"column":31},"end":{"line":34,"column":3}},"15":{"start":{"line":30,"column":4},"end":{"line":32,"column":7}},"16":{"start":{"line":31,"column":6},"end":{"line":31,"column":29}},"17":{"start":{"line":33,"column":4},"end":{"line":33,"column":39}}},"fnMap":{"0":{"name":"(anonymous_0)","decl":{"start":{"line":4,"column":15},"end":{"line":4,"column":16}},"loc":{"start":{"line":4,"column":51},"end":{"line":13,"column":3}},"line":4},"1":{"name":"(anonymous_1)","decl":{"start":{"line":15,"column":18},"end":{"line":15,"column":19}},"loc":{"start":{"line":15,"column":52},"end":{"line":26,"column":3}},"line":15},"2":{"name":"(anonymous_2)","decl":{"start":{"line":18,"column":28},"end":{"line":18,"column":29}},"loc":{"start":{"line":18,"column":39},"end":{"line":20,"column":7}},"line":18},"3":{"name":"(anonymous_3)","decl":{"start":{"line":19,"column":35},"end":{"line":19,"column":36}},"loc":{"start":{"line":19,"column":45},"end":{"line":19,"column":73}},"line":19},"4":{"name":"(anonymous_4)","decl":{"start":{"line":22,"column":33},"end":{"line":22,"column":34}},"loc":{"start":{"line":22,"column":43},"end":{"line":22,"column":66}},"line":22},"5":{"name":"(anonymous_5)","decl":{"start":{"line":28,"column":31},"end":{"line":28,"column":32}},"loc":{"start":{"line":28,"column":45},"end":{"line":34,"column":3}},"line":28},"6":{"name":"(anonymous_6)","decl":{"start":{"line":30,"column":21},"end":{"line":30,"column":22}},"loc":{"start":{"line":30,"column":38},"end":{"line":32,"column":5}},"line":30}},"branchMap":{"0":{"loc":{"start":{"line":4,"column":29},"end":{"line":4,"column":46}},"type":"default-arg","locations":[{"start":{"line":4,"column":41},"end":{"line":4,"column":46}}],"line":4},"1":{"loc":{"start":{"line":15,"column":34},"end":{"line":15,"column":47}},"type":"default-arg","locations":[{"start":{"line":15,"column":42},"end":{"line":15,"column":47}}],"line":15},"2":{"loc":{"start":{"line":17,"column":4},"end":{"line":23,"column":5}},"type":"if","locations":[{"start":{"line":17,"column":4},"end":{"line":23,"column":5}},{"start":{"line":21,"column":11},"end":{"line":23,"column":5}}],"line":17}},"s":{"0":5,"1":21,"2":21,"3":21,"4":21,"5":5,"6":6,"7":6,"8":3,"9":3,"10":12,"11":3,"12":8,"13":6,"14":5,"15":6,"16":13,"17":6},"f":{"0":21,"1":6,"2":3,"3":12,"4":8,"5":6,"6":13},"b":{"0":[18],"1":[3],"2":[3,3]},"_coverageSchema":"1a1c01bbd47fc00a2c39e90264f33305004495a9","hash":"6779abb33f3aec0b90e84454de7955b3eee55c14"}
,"/Users/clintonmbonu/Documents/CORE DEV/Microverse Devs/MODULE 2/to-do-list/src/components/UpdateUI.js": {"path":"/Users/clintonmbonu/Documents/CORE DEV/Microverse Devs/MODULE 2/to-do-list/src/components/UpdateUI.js","statementMap":{"0":{"start":{"line":6,"column":4},"end":{"line":6,"column":39}},"1":{"start":{"line":7,"column":4},"end":{"line":7,"column":28}},"2":{"start":{"line":10,"column":29},"end":{"line":28,"column":3}},"3":{"start":{"line":11,"column":15},"end":{"line":11,"column":43}},"4":{"start":{"line":12,"column":4},"end":{"line":12,"column":29}},"5":{"start":{"line":13,"column":4},"end":{"line":13,"column":24}},"6":{"start":{"line":14,"column":4},"end":{"line":14,"column":46}},"7":{"start":{"line":15,"column":4},"end":{"line":15,"column":33}},"8":{"start":{"line":16,"column":4},"end":{"line":25,"column":5}},"9":{"start":{"line":17,"column":6},"end":{"line":21,"column":8}},"10":{"start":{"line":22,"column":6},"end":{"line":22,"column":23}},"11":{"start":{"line":24,"column":6},"end":{"line":24,"column":71}},"12":{"start":{"line":27,"column":4},"end":{"line":27,"column":14}},"13":{"start":{"line":30,"column":14},"end":{"line":43,"column":3}},"14":{"start":{"line":31,"column":4},"end":{"line":31,"column":45}},"15":{"start":{"line":32,"column":4},"end":{"line":34,"column":5}},"16":{"start":{"line":33,"column":6},"end":{"line":33,"column":72}},"17":{"start":{"line":36,"column":4},"end":{"line":42,"column":5}},"18":{"start":{"line":37,"column":6},"end":{"line":39,"column":9}},"19":{"start":{"line":38,"column":8},"end":{"line":38,"column":75}},"20":{"start":{"line":41,"column":6},"end":{"line":41,"column":77}},"21":{"start":{"line":46,"column":18},"end":{"line":46,"column":27}},"22":{"start":{"line":47,"column":24},"end":{"line":47,"column":35}},"23":{"start":{"line":48,"column":4},"end":{"line":51,"column":5}},"24":{"start":{"line":49,"column":6},"end":{"line":49,"column":19}},"25":{"start":{"line":50,"column":6},"end":{"line":50,"column":25}},"26":{"start":{"line":52,"column":4},"end":{"line":54,"column":164}}},"fnMap":{"0":{"name":"(anonymous_0)","decl":{"start":{"line":5,"column":2},"end":{"line":5,"column":3}},"loc":{"start":{"line":5,"column":36},"end":{"line":8,"column":3}},"line":5},"1":{"name":"(anonymous_1)","decl":{"start":{"line":10,"column":29},"end":{"line":10,"column":30}},"loc":{"start":{"line":10,"column":54},"end":{"line":28,"column":3}},"line":10},"2":{"name":"(anonymous_2)","decl":{"start":{"line":30,"column":14},"end":{"line":30,"column":15}},"loc":{"start":{"line":30,"column":20},"end":{"line":43,"column":3}},"line":30},"3":{"name":"(anonymous_3)","decl":{"start":{"line":37,"column":28},"end":{"line":37,"column":29}},"loc":{"start":{"line":37,"column":38},"end":{"line":39,"column":7}},"line":37},"4":{"name":"(anonymous_4)","decl":{"start":{"line":45,"column":2},"end":{"line":45,"column":3}},"loc":{"start":{"line":45,"column":54},"end":{"line":55,"column":3}},"line":45}},"branchMap":{"0":{"loc":{"start":{"line":10,"column":36},"end":{"line":10,"column":49}},"type":"default-arg","locations":[{"start":{"line":10,"column":44},"end":{"line":10,"column":49}}],"line":10},"1":{"loc":{"start":{"line":16,"column":4},"end":{"line":25,"column":5}},"type":"if","locations":[{"start":{"line":16,"column":4},"end":{"line":25,"column":5}},{"start":{"line":23,"column":11},"end":{"line":25,"column":5}}],"line":16},"2":{"loc":{"start":{"line":36,"column":4},"end":{"line":42,"column":5}},"type":"if","locations":[{"start":{"line":36,"column":4},"end":{"line":42,"column":5}},{"start":{"line":40,"column":11},"end":{"line":42,"column":5}}],"line":36},"3":{"loc":{"start":{"line":48,"column":4},"end":{"line":51,"column":5}},"type":"if","locations":[{"start":{"line":48,"column":4},"end":{"line":51,"column":5}},{"start":{},"end":{}}],"line":48}},"s":{"0":14,"1":14,"2":5,"3":30,"4":30,"5":30,"6":30,"7":30,"8":30,"9":29,"10":29,"11":1,"12":30,"13":14,"14":14,"15":14,"16":18,"17":14,"18":13,"19":29,"20":1,"21":29,"22":29,"23":29,"24":20,"25":20,"26":29},"f":{"0":14,"1":30,"2":14,"3":29,"4":29},"b":{"0":[29],"1":[29,1],"2":[13,1],"3":[20,9]},"_coverageSchema":"1a1c01bbd47fc00a2c39e90264f33305004495a9","hash":"9c61b3016695c66308690a454ea99a420510d4a6"}
,"/Users/clintonmbonu/Documents/CORE DEV/Microverse Devs/MODULE 2/to-do-list/src/components/_tests_/DomSample.js": {"path":"/Users/clintonmbonu/Documents/CORE DEV/Microverse Devs/MODULE 2/to-do-list/src/components/_tests_/DomSample.js","statementMap":{"0":{"start":{"line":1,"column":18},"end":{"line":6,"column":10}},"1":{"start":{"line":1,"column":24},"end":{"line":6,"column":10}}},"fnMap":{"0":{"name":"(anonymous_0)","decl":{"start":{"line":1,"column":18},"end":{"line":1,"column":19}},"loc":{"start":{"line":1,"column":24},"end":{"line":6,"column":10}},"line":1}},"branchMap":{},"s":{"0":4,"1":4},"f":{"0":4},"b":{},"_coverageSchema":"1a1c01bbd47fc00a2c39e90264f33305004495a9","hash":"1047010d7b121ef5597cd10a15d79dbf60605547"}
}
