TN:
SF:src/components/Completed.js
FN:5,(anonymous_0)
FN:13,(anonymous_1)
FNF:2
FNH:2
FNDA:5,(anonymous_0)
FNDA:3,(anonymous_1)
DA:5,2
DA:6,5
DA:7,5
DA:8,5
DA:9,5
DA:10,5
DA:13,2
DA:14,3
DA:15,3
LF:9
LH:9
BRF:0
BRH:0
end_of_record
TN:
SF:src/components/Dragdrop.js
FN:6,(anonymous_0)
FN:23,(anonymous_1)
FN:27,(anonymous_2)
FN:31,(anonymous_3)
FN:37,(anonymous_4)
FN:41,(anonymous_5)
FNF:6
FNH:1
FNDA:2,(anonymous_0)
FNDA:0,(anonymous_1)
FNDA:0,(anonymous_2)
FNDA:0,(anonymous_3)
FNDA:0,(anonymous_4)
FNDA:0,(anonymous_5)
DA:6,5
DA:7,2
DA:8,2
DA:10,2
DA:12,2
DA:13,2
DA:14,0
DA:15,0
DA:16,0
DA:19,2
DA:20,2
DA:23,5
DA:24,0
DA:27,5
DA:28,0
DA:31,5
DA:32,0
DA:33,0
DA:34,0
DA:37,5
DA:38,0
DA:41,5
DA:42,0
LF:23
LH:13
BRDA:13,0,0,0
BRDA:13,0,1,2
BRF:2
BRH:1
end_of_record
TN:
SF:src/components/Methods.js
FN:6,(anonymous_0)
FN:12,(anonymous_1)
FN:64,(anonymous_2)
FN:65,(anonymous_3)
FN:72,(anonymous_4)
FN:83,(anonymous_5)
FN:84,(anonymous_6)
FNF:7
FNH:1
FNDA:0,(anonymous_0)
FNDA:0,(anonymous_1)
FNDA:0,(anonymous_2)
FNDA:0,(anonymous_3)
FNDA:2,(anonymous_4)
FNDA:0,(anonymous_5)
FNDA:0,(anonymous_6)
DA:7,0
DA:8,0
DA:9,0
DA:12,0
DA:16,0
DA:17,0
DA:18,0
DA:19,0
DA:20,0
DA:22,0
DA:23,0
DA:26,0
DA:28,0
DA:29,0
DA:30,0
DA:32,0
DA:33,0
DA:34,0
DA:37,0
DA:38,0
DA:39,0
DA:41,0
DA:42,0
DA:43,0
DA:44,0
DA:45,0
DA:48,0
DA:49,0
DA:50,0
DA:51,0
DA:53,0
DA:54,0
DA:55,0
DA:56,0
DA:57,0
DA:58,0
DA:60,0
DA:61,0
DA:64,0
DA:65,0
DA:66,0
DA:67,0
DA:68,0
DA:72,1
DA:73,2
DA:74,2
DA:75,2
DA:76,2
DA:77,2
DA:79,0
DA:84,0
DA:85,0
DA:86,0
DA:87,0
DA:88,0
LF:55
LH:6
BRDA:6,0,0,0
BRDA:6,1,0,0
BRDA:22,2,0,0
BRDA:22,2,1,0
BRDA:28,3,0,0
BRDA:28,3,1,0
BRDA:37,4,0,0
BRDA:37,4,1,0
BRDA:75,5,0,2
BRDA:75,5,1,0
BRDA:85,6,0,0
BRDA:85,6,1,0
BRF:12
BRH:1
end_of_record
TN:
SF:src/components/Storage.js
FN:2,(anonymous_0)
FN:6,(anonymous_1)
FNF:2
FNH:2
FNDA:36,(anonymous_0)
FNDA:68,(anonymous_1)
DA:2,5
DA:3,36
DA:6,68
LF:3
LH:3
BRDA:6,0,0,63
BRDA:6,0,1,5
BRF:2
BRH:2
end_of_record
TN:
SF:src/components/Todolist.js
FN:4,(anonymous_0)
FN:15,(anonymous_1)
FN:18,(anonymous_2)
FN:19,(anonymous_3)
FN:22,(anonymous_4)
FN:27,(anonymous_5)
FN:28,(anonymous_6)
FNF:7
FNH:7
FNDA:21,(anonymous_0)
FNDA:6,(anonymous_1)
FNDA:3,(anonymous_2)
FNDA:12,(anonymous_3)
FNDA:8,(anonymous_4)
FNDA:8,(anonymous_5)
FNDA:25,(anonymous_6)
DA:4,5
DA:5,21
DA:6,21
DA:7,21
DA:12,21
DA:15,5
DA:16,6
DA:17,6
DA:18,3
DA:19,12
DA:22,8
DA:24,6
DA:27,5
DA:28,8
DA:29,25
DA:31,8
LF:16
LH:16
BRDA:4,0,0,18
BRDA:15,1,0,3
BRDA:17,2,0,3
BRDA:17,2,1,3
BRF:4
BRH:4
end_of_record
TN:
SF:src/components/UpdateUI.js
FN:12,(anonymous_0)
FN:24,(anonymous_1)
FN:26,(anonymous_2)
FN:27,(anonymous_3)
FN:28,(anonymous_4)
FN:36,(anonymous_5)
FN:44,(anonymous_6)
FN:52,(anonymous_7)
FNF:8
FNH:4
FNDA:30,(anonymous_0)
FNDA:0,(anonymous_1)
FNDA:0,(anonymous_2)
FNDA:0,(anonymous_3)
FNDA:0,(anonymous_4)
FNDA:14,(anonymous_5)
FNDA:29,(anonymous_6)
FNDA:29,(anonymous_7)
DA:12,5
DA:13,30
DA:14,30
DA:15,30
DA:16,30
DA:17,30
DA:18,30
DA:19,29
DA:24,29
DA:25,29
DA:26,29
DA:27,29
DA:28,29
DA:30,1
DA:33,30
DA:36,5
DA:37,14
DA:38,14
DA:39,14
DA:40,20
DA:43,14
DA:44,13
DA:45,29
DA:48,1
DA:53,29
DA:54,29
DA:55,29
DA:56,20
DA:57,20
DA:59,29
LF:30
LH:30
BRDA:12,0,0,29
BRDA:18,1,0,29
BRDA:18,1,1,1
BRDA:43,2,0,13
BRDA:43,2,1,1
BRDA:55,3,0,20
BRDA:55,3,1,9
BRF:7
BRH:7
end_of_record
TN:
SF:src/components/_tests_/DomSample.js
FN:1,(anonymous_0)
FNF:1
FNH:1
FNDA:6,(anonymous_0)
DA:1,6
LF:1
LH:1
BRF:0
BRH:0
end_of_record
