TN:
SF:src/components/Completed.js
FN:5,(anonymous_0)
FN:13,(anonymous_1)
FNF:2
FNH:2
FNDA:5,(anonymous_0)
FNDA:3,(anonymous_1)
DA:5,2
DA:6,5
DA:7,5
DA:8,5
DA:9,5
DA:10,5
DA:13,2
DA:14,3
DA:15,3
LF:9
LH:9
BRF:0
BRH:0
end_of_record
TN:
SF:src/components/Dragdrop.js
FN:5,(anonymous_0)
FN:40,(anonymous_1)
FN:44,(anonymous_2)
FN:48,(anonymous_3)
FN:54,(anonymous_4)
FN:58,(anonymous_5)
FN:62,(anonymous_6)
FN:63,(anonymous_7)
FN:65,(anonymous_8)
FN:66,(anonymous_9)
FN:67,(anonymous_10)
FNF:11
FNH:2
FNDA:2,(anonymous_0)
FNDA:0,(anonymous_1)
FNDA:0,(anonymous_2)
FNDA:0,(anonymous_3)
FNDA:0,(anonymous_4)
FNDA:0,(anonymous_5)
FNDA:29,(anonymous_6)
FNDA:0,(anonymous_7)
FNDA:0,(anonymous_8)
FNDA:0,(anonymous_9)
FNDA:0,(anonymous_10)
DA:5,5
DA:6,2
DA:7,2
DA:9,2
DA:11,2
DA:12,2
DA:13,2
DA:15,2
DA:16,2
DA:18,2
DA:19,2
DA:20,2
DA:21,2
DA:23,2
DA:24,2
DA:25,2
DA:26,2
DA:27,2
DA:28,2
DA:30,2
DA:31,2
DA:32,2
DA:33,2
DA:34,2
DA:35,2
DA:37,2
DA:40,5
DA:41,0
DA:44,5
DA:45,0
DA:48,5
DA:49,0
DA:50,0
DA:51,0
DA:54,5
DA:55,0
DA:58,5
DA:59,0
DA:62,5
DA:63,29
DA:64,29
DA:65,29
DA:66,29
DA:67,29
LF:44
LH:37
BRF:0
BRH:0
end_of_record
TN:
SF:src/components/Methods.js
FN:6,(anonymous_0)
FN:12,(anonymous_1)
FN:65,(anonymous_2)
FN:66,(anonymous_3)
FN:73,(anonymous_4)
FN:84,(anonymous_5)
FN:89,(anonymous_6)
FN:90,(anonymous_7)
FNF:8
FNH:2
FNDA:0,(anonymous_0)
FNDA:0,(anonymous_1)
FNDA:0,(anonymous_2)
FNDA:0,(anonymous_3)
FNDA:2,(anonymous_4)
FNDA:8,(anonymous_5)
FNDA:0,(anonymous_6)
FNDA:0,(anonymous_7)
DA:7,0
DA:8,0
DA:9,0
DA:12,0
DA:16,0
DA:17,0
DA:18,0
DA:19,0
DA:20,0
DA:22,0
DA:23,0
DA:26,0
DA:28,0
DA:29,0
DA:30,0
DA:32,0
DA:33,0
DA:34,0
DA:37,0
DA:38,0
DA:39,0
DA:41,0
DA:42,0
DA:43,0
DA:44,0
DA:45,0
DA:48,0
DA:49,0
DA:50,0
DA:51,0
DA:54,0
DA:55,0
DA:56,0
DA:57,0
DA:58,0
DA:59,0
DA:61,0
DA:62,0
DA:65,0
DA:66,0
DA:67,0
DA:68,0
DA:69,0
DA:73,3
DA:74,2
DA:75,2
DA:76,2
DA:77,2
DA:78,2
DA:80,0
DA:84,3
DA:85,8
DA:86,8
DA:90,0
DA:91,0
DA:92,0
DA:93,0
DA:94,0
LF:58
LH:9
BRDA:6,0,0,0
BRDA:6,1,0,0
BRDA:22,2,0,0
BRDA:22,2,1,0
BRDA:28,3,0,0
BRDA:28,3,1,0
BRDA:37,4,0,0
BRDA:37,4,1,0
BRDA:76,5,0,2
BRDA:76,5,1,0
BRDA:91,6,0,0
BRDA:91,6,1,0
BRF:12
BRH:1
end_of_record
TN:
SF:src/components/Storage.js
FN:2,(anonymous_0)
FN:6,(anonymous_1)
FNF:2
FNH:2
FNDA:36,(anonymous_0)
FNDA:76,(anonymous_1)
DA:2,5
DA:3,36
DA:6,76
LF:3
LH:3
BRDA:6,0,0,71
BRDA:6,0,1,5
BRF:2
BRH:2
end_of_record
TN:
SF:src/components/Todolist.js
FN:4,(anonymous_0)
FN:15,(anonymous_1)
FN:18,(anonymous_2)
FN:19,(anonymous_3)
FN:22,(anonymous_4)
FN:28,(anonymous_5)
FN:30,(anonymous_6)
FNF:7
FNH:7
FNDA:21,(anonymous_0)
FNDA:6,(anonymous_1)
FNDA:3,(anonymous_2)
FNDA:12,(anonymous_3)
FNDA:8,(anonymous_4)
FNDA:6,(anonymous_5)
FNDA:13,(anonymous_6)
DA:4,5
DA:5,21
DA:6,21
DA:7,21
DA:12,21
DA:15,5
DA:16,6
DA:17,6
DA:18,3
DA:19,12
DA:22,8
DA:25,6
DA:28,5
DA:30,6
DA:31,13
DA:33,6
LF:16
LH:16
BRDA:4,0,0,18
BRDA:15,1,0,3
BRDA:17,2,0,3
BRDA:17,2,1,3
BRF:4
BRH:4
end_of_record
TN:
SF:src/components/UpdateUI.js
FN:5,(anonymous_0)
FN:10,(anonymous_1)
FN:30,(anonymous_2)
FN:37,(anonymous_3)
FN:45,(anonymous_4)
FNF:5
FNH:5
FNDA:14,(anonymous_0)
FNDA:30,(anonymous_1)
FNDA:14,(anonymous_2)
FNDA:29,(anonymous_3)
FNDA:29,(anonymous_4)
DA:6,14
DA:7,14
DA:10,5
DA:11,30
DA:12,30
DA:13,30
DA:14,30
DA:15,30
DA:16,30
DA:17,29
DA:22,29
DA:24,1
DA:27,30
DA:30,14
DA:31,14
DA:32,14
DA:33,18
DA:36,14
DA:37,13
DA:38,29
DA:41,1
DA:46,29
DA:47,29
DA:48,29
DA:49,20
DA:50,20
DA:52,29
LF:27
LH:27
BRDA:10,0,0,29
BRDA:16,1,0,29
BRDA:16,1,1,1
BRDA:36,2,0,13
BRDA:36,2,1,1
BRDA:48,3,0,20
BRDA:48,3,1,9
BRF:7
BRH:7
end_of_record
TN:
SF:src/components/_tests_/DomSample.js
FN:1,(anonymous_0)
FNF:1
FNH:1
FNDA:4,(anonymous_0)
DA:1,4
LF:1
LH:1
BRF:0
BRH:0
end_of_record
